{
  "RSpec": {
    "coverage": {
      "/Users/JonathanThom/Desktop/be-trained/spec/features/coaches_path_spec.rb": [
        1,
        null,
        1,
        1,
        1,
        1,
        1,
        1,
        1,
        null,
        null
      ],
      "/Users/JonathanThom/Desktop/be-trained/spec/rails_helper.rb": [
        null,
        1,
        1,
        null,
        1,
        1,
        1,
        1,
        1,
        1,
        1,
        1,
        null,
        null,
        null,
        null,
        null,
        null,
        null,
        null,
        null,
        null,
        null,
        null,
        null,
        null,
        null,
        null,
        null,
        null,
        null,
        1,
        null,
        1,
        null,
        1,
        1,
        null,
        null,
        null,
        null,
        1,
        null,
        1,
        1,
        null,
        null,
        1,
        14,
        14,
        null,
        null,
        null,
        null,
        null,
        null,
        null,
        null,
        null,
        null,
        null,
        null,
        null,
        null,
        null,
        null,
        1,
        null,
        null,
        1,
        null,
        null,
        null,
        null,
        1,
        1,
        1,
        1,
        null,
        null
      ],
      "/Users/JonathanThom/Desktop/be-trained/config/environment.rb": [
        null,
        1,
        null,
        null,
        1
      ],
      "/Users/JonathanThom/Desktop/be-trained/config/application.rb": [
        1,
        null,
        1,
        null,
        1,
        1,
        1,
        1,
        1,
        1,
        1,
        1,
        null,
        null,
        null,
        null,
        1,
        null,
        1,
        1,
        null,
        null,
        null,
        null,
        null
      ],
      "/Users/JonathanThom/Desktop/be-trained/config/boot.rb": [
        1,
        null,
        1
      ],
      "/Users/JonathanThom/Desktop/be-trained/config/spring.rb": [
        null,
        null,
        null,
        null,
        null,
        5
      ],
      "/Users/JonathanThom/Desktop/be-trained/config/environments/test.rb": [
        1,
        null,
        null,
        null,
        null,
        null,
        null,
        1,
        null,
        null,
        null,
        null,
        1,
        null,
        null,
        1,
        1,
        null,
        null,
        null,
        null,
        1,
        1,
        null,
        null,
        1,
        null,
        null,
        1,
        1,
        null,
        null,
        null,
        null,
        1,
        null,
        null,
        1,
        null,
        null,
        null,
        null
      ],
      "/Users/JonathanThom/Desktop/be-trained/config/initializers/application_controller_renderer.rb": [
        null,
        null,
        null,
        null,
        null,
        null
      ],
      "/Users/JonathanThom/Desktop/be-trained/config/initializers/assets.rb": [
        null,
        null,
        null,
        1,
        null,
        null,
        null,
        null,
        null,
        null,
        null
      ],
      "/Users/JonathanThom/Desktop/be-trained/config/initializers/backtrace_silencers.rb": [
        null,
        null,
        null,
        null,
        null,
        null,
        null
      ],
      "/Users/JonathanThom/Desktop/be-trained/config/initializers/cookies_serializer.rb": [
        null,
        null,
        null,
        null,
        1
      ],
      "/Users/JonathanThom/Desktop/be-trained/config/initializers/devise.rb": [
        null,
        null,
        1,
        null,
        null,
        null,
        null,
        null,
        null,
        null,
        null,
        null,
        null,
        null,
        1,
        null,
        null,
        null,
        null,
        null,
        null,
        null,
        null,
        null,
        null,
        null,
        1,
        null,
        null,
        null,
        null,
        null,
        null,
        null,
        null,
        null,
        null,
        null,
        null,
        null,
        null,
        null,
        null,
        null,
        null,
        null,
        null,
        null,
        1,
        null,
        null,
        null,
        null,
        1,
        null,
        null,
        null,
        null,
        null,
        null,
        null,
        null,
        null,
        null,
        null,
        null,
        null,
        null,
        null,
        null,
        null,
        null,
        null,
        null,
        null,
        null,
        null,
        null,
        null,
        null,
        null,
        null,
        null,
        null,
        1,
        null,
        null,
        null,
        null,
        null,
        null,
        null,
        null,
        null,
        null,
        null,
        null,
        null,
        null,
        null,
        null,
        null,
        null,
        null,
        null,
        null,
        null,
        1,
        null,
        null,
        null,
        null,
        null,
        null,
        null,
        null,
        null,
        null,
        null,
        null,
        null,
        null,
        null,
        null,
        null,
        null,
        null,
        null,
        null,
        null,
        null,
        null,
        null,
        null,
        null,
        1,
        null,
        null,
        null,
        null,
        null,
        null,
        null,
        null,
        null,
        1,
        null,
        null,
        null,
        null,
        null,
        null,
        null,
        null,
        null,
        null,
        1,
        null,
        null,
        null,
        null,
        1,
        null,
        null,
        null,
        null,
        null,
        null,
        null,
        null,
        null,
        null,
        null,
        null,
        null,
        null,
        null,
        null,
        null,
        null,
        null,
        null,
        null,
        null,
        null,
        null,
        null,
        null,
        null,
        null,
        null,
        null,
        null,
        null,
        null,
        null,
        null,
        null,
        null,
        null,
        null,
        null,
        1,
        null,
        null,
        null,
        null,
        null,
        null,
        null,
        null,
        null,
        null,
        null,
        null,
        null,
        null,
        null,
        null,
        null,
        null,
        null,
        1,
        null,
        null,
        null,
        null,
        null,
        null,
        null,
        null,
        null,
        null,
        null,
        null,
        null,
        null,
        null,
        null,
        null,
        null,
        null,
        null,
        null,
        1,
        null,
        null,
        null,
        null,
        null,
        null,
        null,
        null,
        null,
        null,
        null,
        null,
        null,
        null,
        null,
        null,
        null,
        null,
        null,
        null,
        null,
        null,
        null,
        null,
        null,
        null,
        null,
        null,
        null
      ],
      "/Users/JonathanThom/Desktop/be-trained/config/initializers/filter_parameter_logging.rb": [
        null,
        null,
        null,
        1
      ],
      "/Users/JonathanThom/Desktop/be-trained/config/initializers/inflections.rb": [
        null,
        null,
        null,
        null,
        null,
        null,
        null,
        null,
        null,
        null,
        null,
        null,
        null,
        null,
        null,
        null
      ],
      "/Users/JonathanThom/Desktop/be-trained/config/initializers/mime_types.rb": [
        null,
        null,
        null,
        null
      ],
      "/Users/JonathanThom/Desktop/be-trained/config/initializers/new_framework_defaults.rb": [
        null,
        null,
        null,
        null,
        null,
        null,
        null,
        1,
        null,
        null,
        1,
        null,
        null,
        null,
        1,
        null,
        null,
        1,
        null,
        null,
        1,
        null,
        null,
        1
      ],
      "/Users/JonathanThom/Desktop/be-trained/config/initializers/session_store.rb": [
        null,
        null,
        1
      ],
      "/Users/JonathanThom/Desktop/be-trained/config/initializers/wrap_parameters.rb": [
        null,
        null,
        null,
        null,
        null,
        null,
        1,
        2,
        null,
        null,
        null,
        null,
        null,
        null
      ],
      "/Users/JonathanThom/Desktop/be-trained/config/routes.rb": [
        1,
        1,
        1,
        null,
        null,
        1,
        null,
        1,
        1,
        null,
        1,
        1,
        null,
        null,
        1,
        1,
        null,
        null,
        1,
        null,
        null,
        1,
        null
      ],
      "/Users/JonathanThom/Desktop/be-trained/app/models/athlete.rb": [
        1,
        null,
        null,
        1,
        null,
        null,
        1,
        1,
        1,
        null,
        3,
        2,
        null,
        null
      ],
      "/Users/JonathanThom/Desktop/be-trained/app/models/application_record.rb": [
        1,
        1,
        null
      ],
      "/Users/JonathanThom/Desktop/be-trained/app/models/coach.rb": [
        1,
        null,
        null,
        1,
        null,
        1,
        1,
        null
      ],
      "/Users/JonathanThom/Desktop/be-trained/app/controllers/application_controller.rb": [
        1,
        1,
        null,
        1,
        null,
        null,
        0,
        null,
        0,
        0,
        null,
        null,
        null
      ],
      "/Users/JonathanThom/Desktop/be-trained/app/helpers/application_helper.rb": [
        1,
        1,
        0,
        0,
        null,
        null,
        null,
        1,
        0,
        0,
        null,
        null,
        null,
        1,
        0,
        0,
        null,
        null,
        null
      ],
      "/Users/JonathanThom/Desktop/be-trained/app/channels/application_cable/channel.rb": [
        1,
        1,
        null,
        null
      ],
      "/Users/JonathanThom/Desktop/be-trained/app/channels/application_cable/connection.rb": [
        1,
        1,
        null,
        null
      ],
      "/Users/JonathanThom/Desktop/be-trained/app/controllers/about_controller.rb": [
        1,
        1,
        null,
        null
      ],
      "/Users/JonathanThom/Desktop/be-trained/app/controllers/athletes/registrations_controller.rb": [
        1,
        1,
        0,
        null,
        0,
        0,
        0,
        0,
        0,
        0,
        0,
        null,
        0,
        0,
        0,
        null,
        null,
        0,
        0,
        null,
        0,
        0,
        null,
        null,
        null,
        1,
        null,
        null,
        1,
        0,
        null,
        null,
        1,
        0,
        null,
        null,
        1,
        0,
        null,
        null
      ],
      "/Users/JonathanThom/Desktop/be-trained/app/controllers/athletes_controller.rb": [
        1,
        1,
        1,
        1,
        1,
        null,
        null,
        1,
        0,
        0,
        0,
        0,
        null,
        0,
        0,
        0,
        null,
        null,
        0,
        null,
        null,
        null,
        1,
        0,
        0,
        0,
        null,
        null,
        1,
        0,
        0,
        null,
        0,
        0,
        0,
        0,
        0,
        0,
        0,
        null,
        null,
        0,
        0,
        0,
        0,
        0,
        null,
        null,
        null,
        0,
        null,
        null,
        null,
        null,
        1,
        0,
        0,
        null,
        0,
        0,
        0,
        null,
        0,
        0,
        0,
        null,
        null,
        null,
        null,
        null
      ],
      "/Users/JonathanThom/Desktop/be-trained/app/controllers/coaches/registrations_controller.rb": [
        1,
        1,
        0,
        null,
        0,
        0,
        0,
        0,
        0,
        0,
        0,
        null,
        0,
        0,
        0,
        null,
        null,
        0,
        0,
        null,
        0,
        0,
        null,
        null,
        1,
        null,
        1,
        0,
        null,
        null,
        1,
        0,
        null,
        null,
        1,
        0,
        null,
        null,
        null
      ],
      "/Users/JonathanThom/Desktop/be-trained/app/controllers/coaches_controller.rb": [
        1,
        1,
        1,
        null,
        1,
        1,
        1,
        1,
        null,
        0,
        null,
        null,
        null
      ],
      "/Users/JonathanThom/Desktop/be-trained/app/controllers/home_controller.rb": [
        1,
        1,
        null,
        null
      ],
      "/Users/JonathanThom/Desktop/be-trained/app/controllers/workouts_controller.rb": [
        1,
        1,
        1,
        1,
        null,
        1,
        0,
        0,
        null,
        0,
        0,
        0,
        0,
        null,
        null,
        null,
        1,
        0,
        0,
        null,
        0,
        0,
        null,
        0,
        0,
        0,
        0,
        0,
        0,
        null,
        null,
        null,
        null,
        1,
        0,
        0,
        0,
        0,
        0,
        0,
        0,
        null,
        0,
        0,
        0,
        0,
        0,
        0,
        null,
        null,
        0,
        null,
        null,
        null,
        null,
        1,
        0,
        0,
        null,
        0,
        0,
        0,
        0,
        0,
        0,
        0,
        0,
        0,
        0,
        0,
        0,
        null,
        null,
        0,
        null,
        null,
        null,
        null,
        1,
        0,
        0,
        null,
        0,
        0,
        0,
        0,
        null,
        null,
        null,
        1,
        null,
        1,
        0,
        null,
        null,
        1,
        0,
        null,
        null
      ],
      "/Users/JonathanThom/Desktop/be-trained/app/jobs/application_job.rb": [
        1,
        null
      ],
      "/Users/JonathanThom/Desktop/be-trained/app/mailers/application_mailer.rb": [
        1,
        1,
        1,
        null
      ],
      "/Users/JonathanThom/Desktop/be-trained/app/mailers/invite_mailer.rb": [
        1,
        1,
        null,
        1,
        0,
        0,
        0,
        0,
        null,
        null
      ],
      "/Users/JonathanThom/Desktop/be-trained/app/models/workout.rb": [
        1,
        1,
        1,
        null,
        1,
        2,
        2,
        null,
        0,
        null,
        null,
        null,
        1,
        null,
        1,
        1,
        null,
        null,
        1,
        1,
        null,
        null,
        1,
        1,
        null,
        null,
        null
      ],
      "/Users/JonathanThom/Desktop/be-trained/spec/factories/athletes.rb": [
        1,
        1,
        1,
        1,
        1,
        1,
        1,
        1,
        null,
        null
      ],
      "/Users/JonathanThom/Desktop/be-trained/spec/factories/coaches.rb": [
        1,
        1,
        1,
        1,
        1,
        1,
        1,
        null,
        null
      ],
      "/Users/JonathanThom/Desktop/be-trained/spec/factories/workout.rb": [
        1,
        1,
        1,
        1,
        1,
        null,
        null
      ],
      "/Users/JonathanThom/Desktop/be-trained/spec/support/factory_girl.rb": [
        1,
        1,
        null
      ],
      "/Users/JonathanThom/Desktop/be-trained/spec/support/share_db_connection.rb": [
        1,
        1,
        1,
        null,
        1,
        349,
        null,
        null,
        null,
        null,
        null,
        1
      ],
      "/Users/JonathanThom/Desktop/be-trained/spec/mailers/invite_mailer_spec.rb": [
        1,
        null,
        1,
        1,
        null
      ],
      "/Users/JonathanThom/Desktop/be-trained/spec/models/athlete_spec.rb": [
        1,
        null,
        1,
        2,
        2,
        2,
        2,
        null,
        1,
        1,
        1,
        1,
        1,
        1,
        null,
        null,
        null
      ],
      "/Users/JonathanThom/Desktop/be-trained/spec/models/coach_spec.rb": [
        1,
        null,
        1,
        2,
        2,
        2,
        null
      ],
      "/Users/JonathanThom/Desktop/be-trained/spec/models/workout_spec.rb": [
        1,
        null,
        null,
        null,
        1,
        1,
        1,
        null,
        1,
        1,
        1,
        1,
        1,
        null,
        null,
        null,
        1,
        1,
        1,
        1,
        1,
        1,
        null,
        null,
        null,
        1,
        1,
        1,
        1,
        1,
        1,
        1,
        1,
        null,
        null,
        null,
        1,
        1,
        1,
        1,
        1,
        1,
        1,
        1,
        null,
        null,
        null,
        1,
        1,
        1,
        1,
        1,
        1,
        1,
        1,
        null,
        null,
        null
      ]
    },
    "timestamp": 1489098806
  }
}
